latexml (LaTeXML version 0.8.8) processing main.tex
(Digesting TeX main...
(Loading /opt/homebrew/Cellar/latexml/0.8.8_1/libexec/lib/perl5/LaTeXML/Package/TeX.pool.ltxml...
(Loading /opt/homebrew/Cellar/latexml/0.8.8_1/libexec/lib/perl5/LaTeXML/Package/eTeX.pool.ltxml... 0.00 sec)
(Loading /opt/homebrew/Cellar/latexml/0.8.8_1/libexec/lib/perl5/LaTeXML/Package/pdfTeX.pool.ltxml... 0.00 sec) 0.10 sec)
(Processing content /Users/drd/Library/Mobile Documents/com~apple~CloudDocs/p25/jiali25/main.tex...
(Loading /opt/homebrew/Cellar/latexml/0.8.8_1/libexec/lib/perl5/LaTeXML/Package/LaTeX.pool.ltxml...
(Loading /opt/homebrew/Cellar/latexml/0.8.8_1/libexec/lib/perl5/LaTeXML/Package/textcomp.sty.ltxml... 0.00 sec) 0.15 sec)
(Loading /opt/homebrew/Cellar/latexml/0.8.8_1/libexec/lib/perl5/LaTeXML/Package/article.cls.ltxml... 0.01 sec)
(Loading /opt/homebrew/Cellar/latexml/0.8.8_1/libexec/lib/perl5/LaTeXML/Package/inputenc.sty.ltxml...
(Loading /opt/homebrew/Cellar/latexml/0.8.8_1/libexec/lib/perl5/LaTeXML/Package/utf8.def.ltxml... 0.00 sec) 0.01 sec)
(Loading /opt/homebrew/Cellar/latexml/0.8.8_1/libexec/lib/perl5/LaTeXML/Package/amsmath.sty.ltxml...
(Loading /opt/homebrew/Cellar/latexml/0.8.8_1/libexec/lib/perl5/LaTeXML/Package/amsbsy.sty.ltxml...
(Loading /opt/homebrew/Cellar/latexml/0.8.8_1/libexec/lib/perl5/LaTeXML/Package/amsgen.sty.ltxml... 0.00 sec) 0.01 sec)
(Loading /opt/homebrew/Cellar/latexml/0.8.8_1/libexec/lib/perl5/LaTeXML/Package/amstext.sty.ltxml... 0.00 sec)
(Loading /opt/homebrew/Cellar/latexml/0.8.8_1/libexec/lib/perl5/LaTeXML/Package/amsopn.sty.ltxml... 0.01 sec) 0.04 sec)
(Loading /opt/homebrew/Cellar/latexml/0.8.8_1/libexec/lib/perl5/LaTeXML/Package/amssymb.sty.ltxml...
(Loading /opt/homebrew/Cellar/latexml/0.8.8_1/libexec/lib/perl5/LaTeXML/Package/amsfonts.sty.ltxml... 0.00 sec) 0.01 sec)
(Loading /opt/homebrew/Cellar/latexml/0.8.8_1/libexec/lib/perl5/LaTeXML/Package/graphicx.sty.ltxml...
(Loading /opt/homebrew/Cellar/latexml/0.8.8_1/libexec/lib/perl5/LaTeXML/Package/graphics.sty.ltxml... 0.00 sec) 0.02 sec) 0.39 sec) 0.49 sec)
(Building...
(Loading compiled schema /opt/homebrew/Cellar/latexml/0.8.8_1/libexec/lib/perl5/LaTeXML/resources/RelaxNG/LaTeXML.model... 0.01 sec) 0.20 sec)
(Rewriting... 0.00 sec)
(Finalizing... 0.00 sec)
Conversion complete: No obvious problems (reqd. 0.79s)
